<?xml version="1.0" encoding="UTF-8"?>
<!-- Generated by org.testng.reporters.JUnitReportReporter -->
<testsuite hostname="RICKU" failures="0" tests="1" name="com.actitime.Github.MyTest" time="48.097" errors="0" timestamp="2023-10-15T16:50:25 IST" skipped="0">
  <testcase classname="com.actitime.Github.MyTest" name="facebook" time="48.097">
    <system-out>
      <![CDATA[Login]]>
    </system-out>
  </testcase> <!-- facebook -->
  <system-out>
    <![CDATA[Open
Login
Login
Logout
Close]]>
  </system-out>
</testsuite> <!-- com.actitime.Github.MyTest -->
